<?xml version="1.0" encoding="UTF-8" ?>
<testsuite failures="0" time="0.009" errors="0" skipped="0" tests="1" name="com.jthalbert.HelloWorldTest">
  <properties>
    <property name="java.runtime.name" value="Java(TM) SE Runtime Environment"/>
    <property name="sun.boot.library.path" value="/System/Library/Java/JavaVirtualMachines/1.6.0.jdk/Contents/Libraries"/>
    <property name="java.vm.version" value="20.4-b02-402"/>
    <property name="awt.nativeDoubleBuffering" value="true"/>
    <property name="gopherProxySet" value="false"/>
    <property name="mrj.build" value="11M3527"/>
    <property name="java.vm.vendor" value="Apple Inc."/>
    <property name="java.vendor.url" value="http://www.apple.com/"/>
    <property name="path.separator" value=":"/>
    <property name="java.vm.name" value="Java HotSpot(TM) 64-Bit Server VM"/>
    <property name="file.encoding.pkg" value="sun.io"/>
    <property name="user.country" value="US"/>
    <property name="sun.java.launcher" value="SUN_STANDARD"/>
    <property name="sun.os.patch.level" value="unknown"/>
    <property name="java.vm.specification.name" value="Java Virtual Machine Specification"/>
    <property name="user.dir" value="/Users/jthalbert/Documents/code/OpenSesameHelloWorld"/>
    <property name="java.runtime.version" value="1.6.0_29-b11-402-11M3527"/>
    <property name="java.awt.graphicsenv" value="apple.awt.CGraphicsEnvironment"/>
    <property name="basedir" value="/Users/jthalbert/Documents/code/OpenSesameHelloWorld"/>
    <property name="java.endorsed.dirs" value="/System/Library/Java/JavaVirtualMachines/1.6.0.jdk/Contents/Home/lib/endorsed"/>
    <property name="os.arch" value="x86_64"/>
    <property name="surefire.real.class.path" value="/Users/jthalbert/Documents/code/OpenSesameHelloWorld/target/surefire/surefirebooter3307528709184292392.jar"/>
    <property name="java.io.tmpdir" value="/var/folders/wk/vz02jsb97c7cl7g6w4lxbxdr0000gn/T/"/>
    <property name="line.separator" value="
"/>
    <property name="java.vm.specification.vendor" value="Sun Microsystems Inc."/>
    <property name="os.name" value="Mac OS X"/>
    <property name="sun.jnu.encoding" value="MacRoman"/>
    <property name="java.library.path" value=".:/Library/Java/Extensions:/System/Library/Java/Extensions:/usr/lib/java"/>
    <property name="surefire.test.class.path" value="/Users/jthalbert/Documents/code/OpenSesameHelloWorld/target/test-classes:/Users/jthalbert/Documents/code/OpenSesameHelloWorld/target/classes:/Users/jthalbert/.m2/repository/junit/junit/3.8.1/junit-3.8.1.jar:/Users/jthalbert/.m2/repository/org/openrdf/sesame/sesame-runtime/2.2.4/sesame-runtime-2.2.4.jar:/Users/jthalbert/.m2/repository/org/openrdf/sesame/sesame-model/2.2.4/sesame-model-2.2.4.jar:/Users/jthalbert/.m2/repository/info/aduna/commons/aduna-commons-collections/2.3/aduna-commons-collections-2.3.jar:/Users/jthalbert/.m2/repository/info/aduna/commons/aduna-commons-i18n/1.0/aduna-commons-i18n-1.0.jar:/Users/jthalbert/.m2/repository/info/aduna/commons/aduna-commons-iteration/2.3/aduna-commons-iteration-2.3.jar:/Users/jthalbert/.m2/repository/org/openrdf/sesame/sesame-query/2.2.4/sesame-query-2.2.4.jar:/Users/jthalbert/.m2/repository/org/openrdf/sesame/sesame-queryalgebra-model/2.2.4/sesame-queryalgebra-model-2.2.4.jar:/Users/jthalbert/.m2/repository/org/openrdf/sesame/sesame-queryparser-api/2.2.4/sesame-queryparser-api-2.2.4.jar:/Users/jthalbert/.m2/repository/info/aduna/commons/aduna-commons-lang/2.3/aduna-commons-lang-2.3.jar:/Users/jthalbert/.m2/repository/org/openrdf/sesame/sesame-queryparser-serql/2.2.4/sesame-queryparser-serql-2.2.4.jar:/Users/jthalbert/.m2/repository/info/aduna/commons/aduna-commons-text/2.2/aduna-commons-text-2.2.jar:/Users/jthalbert/.m2/repository/org/openrdf/sesame/sesame-queryparser-sparql/2.2.4/sesame-queryparser-sparql-2.2.4.jar:/Users/jthalbert/.m2/repository/info/aduna/commons/aduna-commons-net/2.2/aduna-commons-net-2.2.jar:/Users/jthalbert/.m2/repository/org/openrdf/sesame/sesame-queryresultio-api/2.2.4/sesame-queryresultio-api-2.2.4.jar:/Users/jthalbert/.m2/repository/org/openrdf/sesame/sesame-queryresultio-binary/2.2.4/sesame-queryresultio-binary-2.2.4.jar:/Users/jthalbert/.m2/repository/info/aduna/commons/aduna-commons-io/2.4/aduna-commons-io-2.4.jar:/Users/jthalbert/.m2/repository/org/openrdf/sesame/sesame-queryresultio-sparqljson/2.2.4/sesame-queryresultio-sparqljson-2.2.4.jar:/Users/jthalbert/.m2/repository/org/openrdf/sesame/sesame-queryresultio-sparqlxml/2.2.4/sesame-queryresultio-sparqlxml-2.2.4.jar:/Users/jthalbert/.m2/repository/info/aduna/commons/aduna-commons-xml/2.2/aduna-commons-xml-2.2.jar:/Users/jthalbert/.m2/repository/org/openrdf/sesame/sesame-queryresultio-text/2.2.4/sesame-queryresultio-text-2.2.4.jar:/Users/jthalbert/.m2/repository/org/openrdf/sesame/sesame-repository-api/2.2.4/sesame-repository-api-2.2.4.jar:/Users/jthalbert/.m2/repository/org/openrdf/sesame/sesame-repository-manager/2.2.4/sesame-repository-manager-2.2.4.jar:/Users/jthalbert/.m2/repository/org/openrdf/sesame/sesame-repository-event/2.2.4/sesame-repository-event-2.2.4.jar:/Users/jthalbert/.m2/repository/org/openrdf/sesame/sesame-repository-http/2.2.4/sesame-repository-http-2.2.4.jar:/Users/jthalbert/.m2/repository/org/openrdf/sesame/sesame-repository-sail/2.2.4/sesame-repository-sail-2.2.4.jar:/Users/jthalbert/.m2/repository/org/openrdf/sesame/sesame-repository-dataset/2.2.4/sesame-repository-dataset-2.2.4.jar:/Users/jthalbert/.m2/repository/org/openrdf/sesame/sesame-repository-contextaware/2.2.4/sesame-repository-contextaware-2.2.4.jar:/Users/jthalbert/.m2/repository/org/openrdf/sesame/sesame-http-protocol/2.2.4/sesame-http-protocol-2.2.4.jar:/Users/jthalbert/.m2/repository/org/openrdf/sesame/sesame-http-client/2.2.4/sesame-http-client-2.2.4.jar:/Users/jthalbert/.m2/repository/commons-httpclient/commons-httpclient/3.1/commons-httpclient-3.1.jar:/Users/jthalbert/.m2/repository/commons-codec/commons-codec/1.3/commons-codec-1.3.jar:/Users/jthalbert/.m2/repository/org/slf4j/jcl104-over-slf4j/1.5.0/jcl104-over-slf4j-1.5.0.jar:/Users/jthalbert/.m2/repository/org/openrdf/sesame/sesame-rio-api/2.2.4/sesame-rio-api-2.2.4.jar:/Users/jthalbert/.m2/repository/org/openrdf/sesame/sesame-rio-ntriples/2.2.4/sesame-rio-ntriples-2.2.4.jar:/Users/jthalbert/.m2/repository/org/openrdf/sesame/sesame-rio-n3/2.2.4/sesame-rio-n3-2.2.4.jar:/Users/jthalbert/.m2/repository/org/openrdf/sesame/sesame-rio-rdfxml/2.2.4/sesame-rio-rdfxml-2.2.4.jar:/Users/jthalbert/.m2/repository/org/openrdf/sesame/sesame-rio-trix/2.2.4/sesame-rio-trix-2.2.4.jar:/Users/jthalbert/.m2/repository/org/openrdf/sesame/sesame-rio-turtle/2.2.4/sesame-rio-turtle-2.2.4.jar:/Users/jthalbert/.m2/repository/org/openrdf/sesame/sesame-rio-trig/2.2.4/sesame-rio-trig-2.2.4.jar:/Users/jthalbert/.m2/repository/org/openrdf/sesame/sesame-sail-api/2.2.4/sesame-sail-api-2.2.4.jar:/Users/jthalbert/.m2/repository/info/aduna/commons/aduna-commons-concurrent/2.2/aduna-commons-concurrent-2.2.jar:/Users/jthalbert/.m2/repository/org/openrdf/sesame/sesame-sail-inferencer/2.2.4/sesame-sail-inferencer-2.2.4.jar:/Users/jthalbert/.m2/repository/org/openrdf/sesame/sesame-sail-memory/2.2.4/sesame-sail-memory-2.2.4.jar:/Users/jthalbert/.m2/repository/org/openrdf/sesame/sesame-queryalgebra-evaluation/2.2.4/sesame-queryalgebra-evaluation-2.2.4.jar:/Users/jthalbert/.m2/repository/org/openrdf/sesame/sesame-sail-nativerdf/2.2.4/sesame-sail-nativerdf-2.2.4.jar:/Users/jthalbert/.m2/repository/org/openrdf/sesame/sesame-sail-rdbms/2.2.4/sesame-sail-rdbms-2.2.4.jar:/Users/jthalbert/.m2/repository/commons-dbcp/commons-dbcp/1.2.2/commons-dbcp-1.2.2.jar:/Users/jthalbert/.m2/repository/commons-pool/commons-pool/1.3/commons-pool-1.3.jar:/Users/jthalbert/.m2/repository/org/slf4j/slf4j-api/1.6.4/slf4j-api-1.6.4.jar:/Users/jthalbert/.m2/repository/org/slf4j/slf4j-log4j12/1.6.4/slf4j-log4j12-1.6.4.jar:/Users/jthalbert/.m2/repository/log4j/log4j/1.2.16/log4j-1.2.16.jar:"/>
    <property name="java.specification.name" value="Java Platform API Specification"/>
    <property name="java.class.version" value="50.0"/>
    <property name="sun.management.compiler" value="HotSpot 64-Bit Tiered Compilers"/>
    <property name="os.version" value="10.7.2"/>
    <property name="http.nonProxyHosts" value="local|*.local|169.254/16|*.169.254/16"/>
    <property name="user.home" value="/Users/jthalbert"/>
    <property name="user.timezone" value=""/>
    <property name="java.awt.printerjob" value="apple.awt.CPrinterJob"/>
    <property name="java.specification.version" value="1.6"/>
    <property name="file.encoding" value="MacRoman"/>
    <property name="user.name" value="jthalbert"/>
    <property name="java.class.path" value="/Users/jthalbert/Documents/code/OpenSesameHelloWorld/target/test-classes:/Users/jthalbert/Documents/code/OpenSesameHelloWorld/target/classes:/Users/jthalbert/.m2/repository/junit/junit/3.8.1/junit-3.8.1.jar:/Users/jthalbert/.m2/repository/org/openrdf/sesame/sesame-runtime/2.2.4/sesame-runtime-2.2.4.jar:/Users/jthalbert/.m2/repository/org/openrdf/sesame/sesame-model/2.2.4/sesame-model-2.2.4.jar:/Users/jthalbert/.m2/repository/info/aduna/commons/aduna-commons-collections/2.3/aduna-commons-collections-2.3.jar:/Users/jthalbert/.m2/repository/info/aduna/commons/aduna-commons-i18n/1.0/aduna-commons-i18n-1.0.jar:/Users/jthalbert/.m2/repository/info/aduna/commons/aduna-commons-iteration/2.3/aduna-commons-iteration-2.3.jar:/Users/jthalbert/.m2/repository/org/openrdf/sesame/sesame-query/2.2.4/sesame-query-2.2.4.jar:/Users/jthalbert/.m2/repository/org/openrdf/sesame/sesame-queryalgebra-model/2.2.4/sesame-queryalgebra-model-2.2.4.jar:/Users/jthalbert/.m2/repository/org/openrdf/sesame/sesame-queryparser-api/2.2.4/sesame-queryparser-api-2.2.4.jar:/Users/jthalbert/.m2/repository/info/aduna/commons/aduna-commons-lang/2.3/aduna-commons-lang-2.3.jar:/Users/jthalbert/.m2/repository/org/openrdf/sesame/sesame-queryparser-serql/2.2.4/sesame-queryparser-serql-2.2.4.jar:/Users/jthalbert/.m2/repository/info/aduna/commons/aduna-commons-text/2.2/aduna-commons-text-2.2.jar:/Users/jthalbert/.m2/repository/org/openrdf/sesame/sesame-queryparser-sparql/2.2.4/sesame-queryparser-sparql-2.2.4.jar:/Users/jthalbert/.m2/repository/info/aduna/commons/aduna-commons-net/2.2/aduna-commons-net-2.2.jar:/Users/jthalbert/.m2/repository/org/openrdf/sesame/sesame-queryresultio-api/2.2.4/sesame-queryresultio-api-2.2.4.jar:/Users/jthalbert/.m2/repository/org/openrdf/sesame/sesame-queryresultio-binary/2.2.4/sesame-queryresultio-binary-2.2.4.jar:/Users/jthalbert/.m2/repository/info/aduna/commons/aduna-commons-io/2.4/aduna-commons-io-2.4.jar:/Users/jthalbert/.m2/repository/org/openrdf/sesame/sesame-queryresultio-sparqljson/2.2.4/sesame-queryresultio-sparqljson-2.2.4.jar:/Users/jthalbert/.m2/repository/org/openrdf/sesame/sesame-queryresultio-sparqlxml/2.2.4/sesame-queryresultio-sparqlxml-2.2.4.jar:/Users/jthalbert/.m2/repository/info/aduna/commons/aduna-commons-xml/2.2/aduna-commons-xml-2.2.jar:/Users/jthalbert/.m2/repository/org/openrdf/sesame/sesame-queryresultio-text/2.2.4/sesame-queryresultio-text-2.2.4.jar:/Users/jthalbert/.m2/repository/org/openrdf/sesame/sesame-repository-api/2.2.4/sesame-repository-api-2.2.4.jar:/Users/jthalbert/.m2/repository/org/openrdf/sesame/sesame-repository-manager/2.2.4/sesame-repository-manager-2.2.4.jar:/Users/jthalbert/.m2/repository/org/openrdf/sesame/sesame-repository-event/2.2.4/sesame-repository-event-2.2.4.jar:/Users/jthalbert/.m2/repository/org/openrdf/sesame/sesame-repository-http/2.2.4/sesame-repository-http-2.2.4.jar:/Users/jthalbert/.m2/repository/org/openrdf/sesame/sesame-repository-sail/2.2.4/sesame-repository-sail-2.2.4.jar:/Users/jthalbert/.m2/repository/org/openrdf/sesame/sesame-repository-dataset/2.2.4/sesame-repository-dataset-2.2.4.jar:/Users/jthalbert/.m2/repository/org/openrdf/sesame/sesame-repository-contextaware/2.2.4/sesame-repository-contextaware-2.2.4.jar:/Users/jthalbert/.m2/repository/org/openrdf/sesame/sesame-http-protocol/2.2.4/sesame-http-protocol-2.2.4.jar:/Users/jthalbert/.m2/repository/org/openrdf/sesame/sesame-http-client/2.2.4/sesame-http-client-2.2.4.jar:/Users/jthalbert/.m2/repository/commons-httpclient/commons-httpclient/3.1/commons-httpclient-3.1.jar:/Users/jthalbert/.m2/repository/commons-codec/commons-codec/1.3/commons-codec-1.3.jar:/Users/jthalbert/.m2/repository/org/slf4j/jcl104-over-slf4j/1.5.0/jcl104-over-slf4j-1.5.0.jar:/Users/jthalbert/.m2/repository/org/openrdf/sesame/sesame-rio-api/2.2.4/sesame-rio-api-2.2.4.jar:/Users/jthalbert/.m2/repository/org/openrdf/sesame/sesame-rio-ntriples/2.2.4/sesame-rio-ntriples-2.2.4.jar:/Users/jthalbert/.m2/repository/org/openrdf/sesame/sesame-rio-n3/2.2.4/sesame-rio-n3-2.2.4.jar:/Users/jthalbert/.m2/repository/org/openrdf/sesame/sesame-rio-rdfxml/2.2.4/sesame-rio-rdfxml-2.2.4.jar:/Users/jthalbert/.m2/repository/org/openrdf/sesame/sesame-rio-trix/2.2.4/sesame-rio-trix-2.2.4.jar:/Users/jthalbert/.m2/repository/org/openrdf/sesame/sesame-rio-turtle/2.2.4/sesame-rio-turtle-2.2.4.jar:/Users/jthalbert/.m2/repository/org/openrdf/sesame/sesame-rio-trig/2.2.4/sesame-rio-trig-2.2.4.jar:/Users/jthalbert/.m2/repository/org/openrdf/sesame/sesame-sail-api/2.2.4/sesame-sail-api-2.2.4.jar:/Users/jthalbert/.m2/repository/info/aduna/commons/aduna-commons-concurrent/2.2/aduna-commons-concurrent-2.2.jar:/Users/jthalbert/.m2/repository/org/openrdf/sesame/sesame-sail-inferencer/2.2.4/sesame-sail-inferencer-2.2.4.jar:/Users/jthalbert/.m2/repository/org/openrdf/sesame/sesame-sail-memory/2.2.4/sesame-sail-memory-2.2.4.jar:/Users/jthalbert/.m2/repository/org/openrdf/sesame/sesame-queryalgebra-evaluation/2.2.4/sesame-queryalgebra-evaluation-2.2.4.jar:/Users/jthalbert/.m2/repository/org/openrdf/sesame/sesame-sail-nativerdf/2.2.4/sesame-sail-nativerdf-2.2.4.jar:/Users/jthalbert/.m2/repository/org/openrdf/sesame/sesame-sail-rdbms/2.2.4/sesame-sail-rdbms-2.2.4.jar:/Users/jthalbert/.m2/repository/commons-dbcp/commons-dbcp/1.2.2/commons-dbcp-1.2.2.jar:/Users/jthalbert/.m2/repository/commons-pool/commons-pool/1.3/commons-pool-1.3.jar:/Users/jthalbert/.m2/repository/org/slf4j/slf4j-api/1.6.4/slf4j-api-1.6.4.jar:/Users/jthalbert/.m2/repository/org/slf4j/slf4j-log4j12/1.6.4/slf4j-log4j12-1.6.4.jar:/Users/jthalbert/.m2/repository/log4j/log4j/1.2.16/log4j-1.2.16.jar:"/>
    <property name="java.vm.specification.version" value="1.0"/>
    <property name="sun.arch.data.model" value="64"/>
    <property name="java.home" value="/System/Library/Java/JavaVirtualMachines/1.6.0.jdk/Contents/Home"/>
    <property name="sun.java.command" value="/Users/jthalbert/Documents/code/OpenSesameHelloWorld/target/surefire/surefirebooter3307528709184292392.jar /Users/jthalbert/Documents/code/OpenSesameHelloWorld/target/surefire/surefire4468667309627619511tmp /Users/jthalbert/Documents/code/OpenSesameHelloWorld/target/surefire/surefire377481801430918111tmp"/>
    <property name="java.specification.vendor" value="Sun Microsystems Inc."/>
    <property name="user.language" value="en"/>
    <property name="awt.toolkit" value="apple.awt.CToolkit"/>
    <property name="java.vm.info" value="mixed mode"/>
    <property name="java.version" value="1.6.0_29"/>
    <property name="java.ext.dirs" value="/Library/Java/Extensions:/System/Library/Java/Extensions:/System/Library/Java/JavaVirtualMachines/1.6.0.jdk/Contents/Home/lib/ext"/>
    <property name="sun.boot.class.path" value="/System/Library/Java/JavaVirtualMachines/1.6.0.jdk/Contents/Classes/jsfd.jar:/System/Library/Java/JavaVirtualMachines/1.6.0.jdk/Contents/Classes/classes.jar:/System/Library/Frameworks/JavaVM.framework/Frameworks/JavaRuntimeSupport.framework/Resources/Java/JavaRuntimeSupport.jar:/System/Library/Java/JavaVirtualMachines/1.6.0.jdk/Contents/Classes/ui.jar:/System/Library/Java/JavaVirtualMachines/1.6.0.jdk/Contents/Classes/laf.jar:/System/Library/Java/JavaVirtualMachines/1.6.0.jdk/Contents/Classes/sunrsasign.jar:/System/Library/Java/JavaVirtualMachines/1.6.0.jdk/Contents/Classes/jsse.jar:/System/Library/Java/JavaVirtualMachines/1.6.0.jdk/Contents/Classes/jce.jar:/System/Library/Java/JavaVirtualMachines/1.6.0.jdk/Contents/Classes/charsets.jar"/>
    <property name="java.vendor" value="Apple Inc."/>
    <property name="localRepository" value="/Users/jthalbert/.m2/repository"/>
    <property name="file.separator" value="/"/>
    <property name="java.vendor.url.bug" value="http://bugreport.apple.com/"/>
    <property name="sun.cpu.endian" value="little"/>
    <property name="sun.io.unicode.encoding" value="UnicodeLittle"/>
    <property name="mrj.version" value="1070.1.6.0_29-402"/>
    <property name="socksNonProxyHosts" value="local|*.local|169.254/16|*.169.254/16"/>
    <property name="ftp.nonProxyHosts" value="local|*.local|169.254/16|*.169.254/16"/>
    <property name="sun.cpu.isalist" value=""/>
  </properties>
  <testcase time="0.001" classname="com.jthalbert.HelloWorldTest" name="testApp"/>
</testsuite>